#
# There is insufficient memory for the Java Runtime Environment to continue.
# Native memory allocation (malloc) failed to allocate 18752 bytes for AllocateHeap
# Possible reasons:
#   The system is out of physical RAM or swap space
#   In 32 bit mode, the process size limit was hit
# Possible solutions:
#   Reduce memory load on the system
#   Increase physical memory or swap space
#   Check if swap backing store is full
#   Use 64 bit Java on a 64 bit OS
#   Decrease Java heap size (-Xmx/-Xms)
#   Decrease number of Java threads
#   Decrease Java thread stack sizes (-Xss)
#   Set larger code cache with -XX:ReservedCodeCacheSize=
# This output file may be truncated or incomplete.
#
#  Out of Memory Error (memory/allocation.inline.hpp:61), pid=18440, tid=0x0000000000002eac
#
# JRE version: OpenJDK Runtime Environment (8.0) (build 1.8.0-adoptopenjdk-_2018_05_19_00_59-b00)
# Java VM: OpenJDK 64-Bit Server VM (25.71-b00 mixed mode windows-amd64 compressed oops)
# Failed to write core dump. Minidumps are not enabled by default on client versions of Windows
#

---------------  T H R E A D  ---------------

Current thread (0x00000000176e8000):  JavaThread "C1 CompilerThread2" daemon [_thread_in_vm, id=11948, stack(0x0000000018f60000,0x0000000019060000)]

Stack: [0x0000000018f60000,0x0000000019060000]
[error occurred during error reporting (printing stack bounds), id 0xc0000005]

Native frames: (J=compiled Java code, j=interpreted, Vv=VM code, C=native code)


Current CompileTask:
C1:   5496 2587       3       com.sun.org.apache.xerces.internal.impl.xpath.regex.RegularExpression::match (1844 bytes)


---------------  P R O C E S S  ---------------

Java Threads: ( => current thread )
  0x0000000019c70800 JavaThread "Keep-Alive-Timer" daemon [_thread_blocked, id=8160, stack(0x000000001bb70000,0x000000001bc70000)]
  0x000000001908c000 JavaThread "Service Thread" daemon [_thread_blocked, id=19920, stack(0x0000000019460000,0x0000000019560000)]
=>0x00000000176e8000 JavaThread "C1 CompilerThread2" daemon [_thread_in_vm, id=11948, stack(0x0000000018f60000,0x0000000019060000)]
  0x00000000176e4800 JavaThread "C2 CompilerThread1" daemon [_thread_in_native, id=23812, stack(0x0000000018e60000,0x0000000018f60000)]
  0x00000000176e1800 JavaThread "C2 CompilerThread0" daemon [_thread_in_native, id=22720, stack(0x0000000018d60000,0x0000000018e60000)]
  0x00000000176e0800 JavaThread "Attach Listener" daemon [_thread_blocked, id=21060, stack(0x0000000018c60000,0x0000000018d60000)]
  0x00000000176dd800 JavaThread "Signal Dispatcher" daemon [_thread_blocked, id=21256, stack(0x0000000018b60000,0x0000000018c60000)]
  0x0000000002c1e000 JavaThread "Finalizer" daemon [_thread_blocked, id=8472, stack(0x0000000018960000,0x0000000018a60000)]
  0x0000000002c13800 JavaThread "Reference Handler" daemon [_thread_blocked, id=16224, stack(0x0000000018860000,0x0000000018960000)]
  0x0000000002b23800 JavaThread "main" [_thread_blocked, id=5896, stack(0x00000000029b0000,0x0000000002ab0000)]

Other Threads:
  0x00000000176a5800 VMThread [stack: 0x0000000018760000,0x0000000018860000] [id=12668]
  0x0000000019082800 WatcherThread [stack: 0x0000000019560000,0x0000000019660000] [id=7740]

VM state:not at safepoint (normal execution)

VM Mutex/Monitor currently owned by a thread:  ([mutex/lock_event])
[0x0000000002b19c70] CodeCache_lock - owner thread: 0x00000000176e8000
[0x0000000002b22c60] Compile_lock - owner thread: 0x00000000176e8000
[0x0000000002b21ee0] MethodCompileQueue_lock - owner thread: 0x00000000176e8000

Heap:
 PSYoungGen      total 37888K, used 27445K [0x00000000d6180000, 0x00000000d8b80000, 0x0000000100000000)
  eden space 32768K, 70% used [0x00000000d6180000,0x00000000d7820af0,0x00000000d8180000)
  from space 5120K, 83% used [0x00000000d8680000,0x00000000d8aacb08,0x00000000d8b80000)
  to   space 5120K, 0% used [0x00000000d8180000,0x00000000d8180000,0x00000000d8680000)
 ParOldGen       total 63488K, used 3371K [0x0000000082400000, 0x0000000086200000, 0x00000000d6180000)
  object space 63488K, 5% used [0x0000000082400000,0x000000008274acb8,0x0000000086200000)
 Metaspace       used 17351K, capacity 17722K, committed 18048K, reserved 1067008K
  class space    used 1975K, capacity 2109K, committed 2176K, reserved 1048576K

Card table byte_map: [0x0000000011fe0000,0x00000000123d0000] byte_map_base: 0x0000000011bce000

Marking Bits: (ParMarkBitMap*) 0x000000007011be50
 Begin Bits: [0x0000000012a70000, 0x00000000149e0000)
 End Bits:   [0x00000000149e0000, 0x0000000016950000)

Polling page: 0x0000000001180000

CodeCache: size=245760Kb used=9064Kb max_used=9064Kb free=236695Kb
 bounds [0x0000000002c20000, 0x0000000003510000, 0x0000000011c20000]
 total_blobs=2996 nmethods=2579 adapters=329
 compilation: enabled

Compilation events (10 events):
Event: 5.440 Thread 0x00000000176e1800 2578       4       javax.xml.bind.annotation.adapters.CollapsedStringAdapter::isWhiteSpace (38 bytes)
Event: 5.440 Thread 0x00000000176e1800 nmethod 2578 0x00000000034b7890 code [0x00000000034b79c0, 0x00000000034b7a18]
Event: 5.442 Thread 0x00000000176e1800 2579       4       java.util.regex.Matcher::find (69 bytes)
Event: 5.450 Thread 0x00000000176e1800 nmethod 2579 0x00000000034edc90 code [0x00000000034edde0, 0x00000000034ee158]
Event: 5.450 Thread 0x00000000176e1800 2580       4       java.util.regex.Matcher::replaceAll (59 bytes)
Event: 5.474 Thread 0x00000000176e8000 2584       3       com.sun.org.apache.xerces.internal.util.IntStack::<init> (5 bytes)
Event: 5.474 Thread 0x00000000176e8000 nmethod 2584 0x00000000034d5690 code [0x00000000034d57e0, 0x00000000034d5990]
Event: 5.474 Thread 0x00000000176e8000 2585       3       com.sun.org.apache.xerces.internal.impl.XMLEntityScanner::scanContent (690 bytes)
Event: 5.476 Thread 0x00000000176e8000 nmethod 2585 0x00000000034ef2d0 code [0x00000000034ef580, 0x00000000034f0988]
Event: 5.476 Thread 0x00000000176e8000 2587       3       com.sun.org.apache.xerces.internal.impl.xpath.regex.RegularExpression::match (1844 bytes)

GC Heap History (6 events):
Event: 1.558 GC heap before
{Heap before GC invocations=1 (full 0):
 PSYoungGen      total 37888K, used 17703K [0x00000000d6180000, 0x00000000d8b80000, 0x0000000100000000)
  eden space 32768K, 54% used [0x00000000d6180000,0x00000000d72c9d38,0x00000000d8180000)
  from space 5120K, 0% used [0x00000000d8680000,0x00000000d8680000,0x00000000d8b80000)
  to   space 5120K, 0% used [0x00000000d8180000,0x00000000d8180000,0x00000000d8680000)
 ParOldGen       total 86016K, used 0K [0x0000000082400000, 0x0000000087800000, 0x00000000d6180000)
  object space 86016K, 0% used [0x0000000082400000,0x0000000082400000,0x0000000087800000)
 Metaspace       used 12002K, capacity 12184K, committed 12288K, reserved 1064960K
  class space    used 1452K, capacity 1534K, committed 1536K, reserved 1048576K
Event: 1.566 GC heap after
Heap after GC invocations=1 (full 0):
 PSYoungGen      total 37888K, used 3465K [0x00000000d6180000, 0x00000000d8b80000, 0x0000000100000000)
  eden space 32768K, 0% used [0x00000000d6180000,0x00000000d6180000,0x00000000d8180000)
  from space 5120K, 67% used [0x00000000d8180000,0x00000000d84e2628,0x00000000d8680000)
  to   space 5120K, 0% used [0x00000000d8680000,0x00000000d8680000,0x00000000d8b80000)
 ParOldGen       total 86016K, used 80K [0x0000000082400000, 0x0000000087800000, 0x00000000d6180000)
  object space 86016K, 0% used [0x0000000082400000,0x0000000082414010,0x0000000087800000)
 Metaspace       used 12002K, capacity 12184K, committed 12288K, reserved 1064960K
  class space    used 1452K, capacity 1534K, committed 1536K, reserved 1048576K
}
Event: 1.566 GC heap before
{Heap before GC invocations=2 (full 1):
 PSYoungGen      total 37888K, used 3465K [0x00000000d6180000, 0x00000000d8b80000, 0x0000000100000000)
  eden space 32768K, 0% used [0x00000000d6180000,0x00000000d6180000,0x00000000d8180000)
  from space 5120K, 67% used [0x00000000d8180000,0x00000000d84e2628,0x00000000d8680000)
  to   space 5120K, 0% used [0x00000000d8680000,0x00000000d8680000,0x00000000d8b80000)
 ParOldGen       total 86016K, used 80K [0x0000000082400000, 0x0000000087800000, 0x00000000d6180000)
  object space 86016K, 0% used [0x0000000082400000,0x0000000082414010,0x0000000087800000)
 Metaspace       used 12002K, capacity 12184K, committed 12288K, reserved 1064960K
  class space    used 1452K, capacity 1534K, committed 1536K, reserved 1048576K
Event: 1.599 GC heap after
Heap after GC invocations=2 (full 1):
 PSYoungGen      total 37888K, used 0K [0x00000000d6180000, 0x00000000d8b80000, 0x0000000100000000)
  eden space 32768K, 0% used [0x00000000d6180000,0x00000000d6180000,0x00000000d8180000)
  from space 5120K, 0% used [0x00000000d8180000,0x00000000d8180000,0x00000000d8680000)
  to   space 5120K, 0% used [0x00000000d8680000,0x00000000d8680000,0x00000000d8b80000)
 ParOldGen       total 63488K, used 3363K [0x0000000082400000, 0x0000000086200000, 0x00000000d6180000)
  object space 63488K, 5% used [0x0000000082400000,0x0000000082748cb8,0x0000000086200000)
 Metaspace       used 12002K, capacity 12184K, committed 12288K, reserved 1062912K
  class space    used 1452K, capacity 1534K, committed 1536K, reserved 1048576K
}
Event: 3.742 GC heap before
{Heap before GC invocations=3 (full 1):
 PSYoungGen      total 37888K, used 32768K [0x00000000d6180000, 0x00000000d8b80000, 0x0000000100000000)
  eden space 32768K, 100% used [0x00000000d6180000,0x00000000d8180000,0x00000000d8180000)
  from space 5120K, 0% used [0x00000000d8180000,0x00000000d8180000,0x00000000d8680000)
  to   space 5120K, 0% used [0x00000000d8680000,0x00000000d8680000,0x00000000d8b80000)
 ParOldGen       total 63488K, used 3363K [0x0000000082400000, 0x0000000086200000, 0x00000000d6180000)
  object space 63488K, 5% used [0x0000000082400000,0x0000000082748cb8,0x0000000086200000)
 Metaspace       used 16231K, capacity 16664K, committed 16896K, reserved 1064960K
  class space    used 1893K, capacity 2026K, committed 2048K, reserved 1048576K
Event: 3.750 GC heap after
Heap after GC invocations=3 (full 1):
 PSYoungGen      total 37888K, used 4274K [0x00000000d6180000, 0x00000000d8b80000, 0x0000000100000000)
  eden space 32768K, 0% used [0x00000000d6180000,0x00000000d6180000,0x00000000d8180000)
  from space 5120K, 83% used [0x00000000d8680000,0x00000000d8aacb08,0x00000000d8b80000)
  to   space 5120K, 0% used [0x00000000d8180000,0x00000000d8180000,0x00000000d8680000)
 ParOldGen       total 63488K, used 3371K [0x0000000082400000, 0x0000000086200000, 0x00000000d6180000)
  object space 63488K, 5% used [0x0000000082400000,0x000000008274acb8,0x0000000086200000)
 Metaspace       used 16231K, capacity 16664K, committed 16896K, reserved 1064960K
  class space    used 1893K, capacity 2026K, committed 2048K, reserved 1048576K
}

Deoptimization events (10 events):
Event: 4.249 Thread 0x0000000002b23800 Uncommon trap: reason=unstable_if action=reinterpret pc=0x0000000002f9490c method=java.util.regex.Pattern$Ctype.isSatisfiedBy(I)Z @ 4
Event: 4.255 Thread 0x0000000002b23800 Uncommon trap: reason=unstable_if action=reinterpret pc=0x0000000002fb6db8 method=java.util.regex.Matcher.find()Z @ 34
Event: 4.266 Thread 0x0000000002b23800 Uncommon trap: reason=bimorphic action=maybe_recompile pc=0x00000000032e7404 method=java.util.regex.Pattern$Curly.match0(Ljava/util/regex/Matcher;IILjava/lang/CharSequence;)Z @ 170
Event: 4.266 Thread 0x0000000002b23800 Uncommon trap: reason=bimorphic action=maybe_recompile pc=0x00000000032e7404 method=java.util.regex.Pattern$Curly.match0(Ljava/util/regex/Matcher;IILjava/lang/CharSequence;)Z @ 170
Event: 4.344 Thread 0x0000000002b23800 Uncommon trap: reason=unstable_if action=reinterpret pc=0x0000000002f6e5b4 method=com.sun.org.apache.xerces.internal.impl.XMLEntityScanner.checkBeforeLoad(Lcom/sun/xml/internal/stream/Entity$ScannedEntity;II)I @ 18
Event: 5.062 Thread 0x0000000002b23800 Uncommon trap: reason=class_check action=maybe_recompile pc=0x0000000002fcc3c8 method=java.util.regex.Matcher.search(I)Z @ 86
Event: 5.229 Thread 0x0000000002b23800 Uncommon trap: reason=class_check action=maybe_recompile pc=0x0000000002fcc3c8 method=java.util.regex.Matcher.search(I)Z @ 86
Event: 5.451 Thread 0x0000000002b23800 Uncommon trap: reason=unstable_if action=reinterpret pc=0x00000000030d3ac8 method=java.util.regex.Matcher.find()Z @ 34
Event: 5.472 Thread 0x0000000002b23800 Uncommon trap: reason=unstable_if action=reinterpret pc=0x000000000345b394 method=com.sun.org.apache.xerces.internal.impl.xpath.regex.RegularExpression.match(Lcom/sun/org/apache/xerces/internal/impl/xpath/regex/RegularExpression$Context;Lcom/sun/org/apach
Event: 5.473 Thread 0x0000000002b23800 Uncommon trap: reason=unstable_if action=reinterpret pc=0x0000000002fca030 method=com.sun.org.apache.xerces.internal.impl.XMLEntityScanner.scanContent(Lcom/sun/org/apache/xerces/internal/xni/XMLString;)I @ 418

Classes redefined (0 events):
No events

Internal exceptions (10 events):
Event: 2.245 Thread 0x0000000002b23800 Implicit null exception at 0x0000000002e18f91 to 0x0000000002e1b7c2
Event: 2.246 Thread 0x0000000002b23800 Exception <a 'java/lang/NullPointerException'> (0x00000000d7199630) thrown at [C:\Users\jenkins\workspace\openjdk8_build_x86-64_windows\openjdk\hotspot\src\share\vm\runtime\sharedRuntime.cpp, line 605]
Event: 2.254 Thread 0x0000000002b23800 Implicit null exception at 0x0000000002e18f91 to 0x0000000002e1b7c2
Event: 2.254 Thread 0x0000000002b23800 Exception <a 'java/lang/NullPointerException'> (0x00000000d719b190) thrown at [C:\Users\jenkins\workspace\openjdk8_build_x86-64_windows\openjdk\hotspot\src\share\vm\runtime\sharedRuntime.cpp, line 605]
Event: 3.835 Thread 0x0000000002b23800 Implicit null exception at 0x000000000322c918 to 0x000000000322ca5d
Event: 3.935 Thread 0x0000000002b23800 Exception <a 'java/lang/ClassNotFoundException': com/sun/org/glassfish/hk2/osgiresourcelocator/ServiceLoader> (0x00000000d63a73d8) thrown at [C:\Users\jenkins\workspace\openjdk8_build_x86-64_windows\openjdk\hotspot\src\share\vm\classfile\systemDictionary.
Event: 5.033 Thread 0x0000000002b23800 Exception <a 'sun/nio/fs/WindowsException'> (0x00000000d6d5c320) thrown at [C:\Users\jenkins\workspace\openjdk8_build_x86-64_windows\openjdk\hotspot\src\share\vm\prims\jni.cpp, line 709]
Event: 5.033 Thread 0x0000000002b23800 Exception <a 'sun/nio/fs/WindowsException'> (0x00000000d6d5c810) thrown at [C:\Users\jenkins\workspace\openjdk8_build_x86-64_windows\openjdk\hotspot\src\share\vm\prims\jni.cpp, line 709]
Event: 5.154 Thread 0x0000000002b23800 Exception <a 'java/lang/ClassNotFoundException': com/sun/org/glassfish/hk2/osgiresourcelocator/ServiceLoader> (0x00000000d6da42d8) thrown at [C:\Users\jenkins\workspace\openjdk8_build_x86-64_windows\openjdk\hotspot\src\share\vm\classfile\systemDictionary.
Event: 5.283 Thread 0x0000000002b23800 Exception <a 'java/lang/ClassNotFoundException': com/sun/org/glassfish/hk2/osgiresourcelocator/ServiceLoader> (0x00000000d704d570) thrown at [C:\Users\jenkins\workspace\openjdk8_build_x86-64_windows\openjdk\hotspot\src\share\vm\classfile\systemDictionary.

Events (10 events):
Event: 5.450 Thread 0x0000000002b23800 DEOPT UNPACKING pc=0x0000000002c675d0 sp=0x0000000002aadee8 mode 0
Event: 5.451 Thread 0x0000000002b23800 Uncommon trap: trap_request=0xffffff65 fr.pc=0x00000000030d3ac8
Event: 5.451 Thread 0x0000000002b23800 DEOPT PACKING pc=0x00000000030d3ac8 sp=0x0000000002aae1a0
Event: 5.451 Thread 0x0000000002b23800 DEOPT UNPACKING pc=0x0000000002c6557b sp=0x0000000002aae108 mode 2
Event: 5.472 Thread 0x0000000002b23800 Uncommon trap: trap_request=0xffffff65 fr.pc=0x000000000345b394
Event: 5.472 Thread 0x0000000002b23800 DEOPT PACKING pc=0x000000000345b394 sp=0x0000000002aadcf0
Event: 5.472 Thread 0x0000000002b23800 DEOPT UNPACKING pc=0x0000000002c6557b sp=0x0000000002aadcd8 mode 2
Event: 5.473 Thread 0x0000000002b23800 Uncommon trap: trap_request=0xffffff65 fr.pc=0x0000000002fca030
Event: 5.473 Thread 0x0000000002b23800 DEOPT PACKING pc=0x0000000002fca030 sp=0x0000000002aae710
Event: 5.473 Thread 0x0000000002b23800 DEOPT UNPACKING pc=0x0000000002c6557b sp=0x0000000002aae6b8 mode 2


Dynamic libraries:
0x00007ff687080000 - 0x00007ff6870b5000 	C:\Program Files\Unity\Editor\Data\PlaybackEngines\AndroidPlayer\Tools\OpenJDK\Windows\bin\java.exe
0x00007ffdd9db0000 - 0x00007ffdd9fc7000 	C:\WINDOWS\SYSTEM32\ntdll.dll
0x00007ffda1a80000 - 0x00007ffda1a99000 	C:\Program Files\AVAST Software\Avast\aswhook.dll
0x00007ffdd7ed0000 - 0x00007ffdd7f94000 	C:\WINDOWS\System32\KERNEL32.DLL
0x00007ffdd7110000 - 0x00007ffdd74bc000 	C:\WINDOWS\System32\KERNELBASE.dll
0x00007ffdd90d0000 - 0x00007ffdd9182000 	C:\WINDOWS\System32\ADVAPI32.dll
0x00007ffdd8310000 - 0x00007ffdd83b7000 	C:\WINDOWS\System32\msvcrt.dll
0x00007ffdd8180000 - 0x00007ffdd822a000 	C:\WINDOWS\System32\sechost.dll
0x00007ffdd7980000 - 0x00007ffdd79a8000 	C:\WINDOWS\System32\bcrypt.dll
0x00007ffdd7db0000 - 0x00007ffdd7ec5000 	C:\WINDOWS\System32\RPCRT4.dll
0x00007ffdd7fd0000 - 0x00007ffdd817e000 	C:\WINDOWS\System32\USER32.dll
0x00007ffdd70e0000 - 0x00007ffdd7106000 	C:\WINDOWS\System32\win32u.dll
0x00007ffdd7fa0000 - 0x00007ffdd7fc9000 	C:\WINDOWS\System32\GDI32.dll
0x00007ffdd7860000 - 0x00007ffdd7979000 	C:\WINDOWS\System32\gdi32full.dll
0x00007ffdd74c0000 - 0x00007ffdd755a000 	C:\WINDOWS\System32\msvcp_win.dll
0x00007ffdd7740000 - 0x00007ffdd7851000 	C:\WINDOWS\System32\ucrtbase.dll
0x00007ffdbf230000 - 0x00007ffdbf4c3000 	C:\WINDOWS\WinSxS\amd64_microsoft.windows.common-controls_6595b64144ccf1df_6.0.22621.3672_none_2713b9d173822955\COMCTL32.dll
0x00007ffdd9b70000 - 0x00007ffdd9ba1000 	C:\WINDOWS\System32\IMM32.DLL
0x0000000070ad0000 - 0x0000000070ba2000 	C:\Program Files\Unity\Editor\Data\PlaybackEngines\AndroidPlayer\Tools\OpenJDK\Windows\jre\bin\msvcr100.dll
0x000000006f950000 - 0x0000000070199000 	C:\Program Files\Unity\Editor\Data\PlaybackEngines\AndroidPlayer\Tools\OpenJDK\Windows\jre\bin\server\jvm.dll
0x00007ffdd8d30000 - 0x00007ffdd8d38000 	C:\WINDOWS\System32\PSAPI.DLL
0x00007ffdbc8d0000 - 0x00007ffdbc8d9000 	C:\WINDOWS\SYSTEM32\WSOCK32.dll
0x00007ffdd91f0000 - 0x00007ffdd9261000 	C:\WINDOWS\System32\WS2_32.dll
0x00007ffdc3d10000 - 0x00007ffdc3d1a000 	C:\WINDOWS\SYSTEM32\VERSION.dll
0x00007ffdcb0e0000 - 0x00007ffdcb114000 	C:\WINDOWS\SYSTEM32\WINMM.dll
0x00007ffdcbfc0000 - 0x00007ffdcbfcf000 	C:\Program Files\Unity\Editor\Data\PlaybackEngines\AndroidPlayer\Tools\OpenJDK\Windows\jre\bin\verify.dll
0x00007ffdc23b0000 - 0x00007ffdc23d9000 	C:\Program Files\Unity\Editor\Data\PlaybackEngines\AndroidPlayer\Tools\OpenJDK\Windows\jre\bin\java.dll
0x00007ffdc2210000 - 0x00007ffdc2226000 	C:\Program Files\Unity\Editor\Data\PlaybackEngines\AndroidPlayer\Tools\OpenJDK\Windows\jre\bin\zip.dll
0x00007ffdd83c0000 - 0x00007ffdd8c1c000 	C:\WINDOWS\System32\SHELL32.dll
0x00007ffdd5030000 - 0x00007ffdd5927000 	C:\WINDOWS\SYSTEM32\windows.storage.dll
0x00007ffdd8d40000 - 0x00007ffdd90c8000 	C:\WINDOWS\System32\combase.dll
0x00007ffdd4ef0000 - 0x00007ffdd502f000 	C:\WINDOWS\SYSTEM32\wintypes.dll
0x00007ffdd7af0000 - 0x00007ffdd7be4000 	C:\WINDOWS\System32\SHCORE.dll
0x00007ffdd9d10000 - 0x00007ffdd9d6e000 	C:\WINDOWS\System32\shlwapi.dll
0x00007ffdd7010000 - 0x00007ffdd7031000 	C:\WINDOWS\SYSTEM32\profapi.dll
0x00007ffdc1640000 - 0x00007ffdc165a000 	C:\Program Files\Unity\Editor\Data\PlaybackEngines\AndroidPlayer\Tools\OpenJDK\Windows\jre\bin\net.dll
0x00007ffdd6580000 - 0x00007ffdd65e9000 	C:\WINDOWS\system32\mswsock.dll
0x00007ffdc1490000 - 0x00007ffdc14a1000 	C:\Program Files\Unity\Editor\Data\PlaybackEngines\AndroidPlayer\Tools\OpenJDK\Windows\jre\bin\nio.dll
0x00007ffdc0b50000 - 0x00007ffdc0b74000 	C:\Program Files\Unity\Editor\Data\PlaybackEngines\AndroidPlayer\Tools\OpenJDK\Windows\jre\bin\sunec.dll
0x00007ffdd67e0000 - 0x00007ffdd67fb000 	C:\WINDOWS\SYSTEM32\CRYPTSP.dll
0x00007ffdd6070000 - 0x00007ffdd60a5000 	C:\WINDOWS\system32\rsaenh.dll
0x00007ffdd6680000 - 0x00007ffdd66a8000 	C:\WINDOWS\SYSTEM32\USERENV.dll
0x00007ffdd79b0000 - 0x00007ffdd7a2b000 	C:\WINDOWS\System32\bcryptprimitives.dll
0x00007ffdd6800000 - 0x00007ffdd680c000 	C:\WINDOWS\SYSTEM32\CRYPTBASE.dll
0x00007ffdd5b90000 - 0x00007ffdd5bbd000 	C:\WINDOWS\SYSTEM32\IPHLPAPI.DLL
0x00007ffdd9190000 - 0x00007ffdd9199000 	C:\WINDOWS\System32\NSI.dll
0x00007ffdcc8d0000 - 0x00007ffdcc8e9000 	C:\WINDOWS\SYSTEM32\dhcpcsvc6.DLL
0x00007ffdcc5e0000 - 0x00007ffdcc5ff000 	C:\WINDOWS\SYSTEM32\dhcpcsvc.DLL
0x00007ffdd5c00000 - 0x00007ffdd5cf8000 	C:\WINDOWS\SYSTEM32\DNSAPI.dll
0x00007ffdcfce0000 - 0x00007ffdcfceb000 	C:\Program Files\Unity\Editor\Data\PlaybackEngines\AndroidPlayer\Tools\OpenJDK\Windows\jre\bin\sunmscapi.dll
0x00007ffdd7560000 - 0x00007ffdd76c7000 	C:\WINDOWS\System32\CRYPT32.dll
0x00007ffdca720000 - 0x00007ffdca72a000 	C:\Windows\System32\rasadhlp.dll
0x00007ffdc98c0000 - 0x00007ffdc9943000 	C:\WINDOWS\System32\fwpuclnt.dll

VM Arguments:
jvm_args: -Dcom.android.sdklib.toolsdir=C:\Users\SU - NB0158\AppData\Local\Android\Sdk\tools\bin\\.. 
java_command: com.android.sdklib.tool.sdkmanager.SdkManagerCli --list
java_class_path (initial): C:\Users\SU - NB0158\AppData\Local\Android\Sdk\tools\bin\..\lib\dvlib-26.0.0-dev.jar;C:\Users\SU - NB0158\AppData\Local\Android\Sdk\tools\bin\..\lib\jimfs-1.1.jar;C:\Users\SU - NB0158\AppData\Local\Android\Sdk\tools\bin\..\lib\jsr305-1.3.9.jar;C:\Users\SU - NB0158\AppData\Local\Android\Sdk\tools\bin\..\lib\repository-26.0.0-dev.jar;C:\Users\SU - NB0158\AppData\Local\Android\Sdk\tools\bin\..\lib\j2objc-annotations-1.1.jar;C:\Users\SU - NB0158\AppData\Local\Android\Sdk\tools\bin\..\lib\layoutlib-api-26.0.0-dev.jar;C:\Users\SU - NB0158\AppData\Local\Android\Sdk\tools\bin\..\lib\gson-2.3.jar;C:\Users\SU - NB0158\AppData\Local\Android\Sdk\tools\bin\..\lib\httpcore-4.2.5.jar;C:\Users\SU - NB0158\AppData\Local\Android\Sdk\tools\bin\..\lib\commons-logging-1.1.1.jar;C:\Users\SU - NB0158\AppData\Local\Android\Sdk\tools\bin\..\lib\commons-compress-1.12.jar;C:\Users\SU - NB0158\AppData\Local\Android\Sdk\tools\bin\..\lib\annotations-26.0.0-dev.jar;C:\Users\SU - NB0158\AppData\Local\Android\Sdk\tools\bin\..\lib\error_prone_annotations-2.0.18.jar;C:\Users\SU - NB0158\AppData\Local\Android\Sdk\tools\bin\..\lib\animal-sniffer-annotations-1.14.jar;C:\Users\SU - NB0158\AppData\Local\Android\Sdk\tools\bin\..\lib\httpclient-4.2.6.jar;C:\Users\SU - NB0158\AppData\Local\Android\Sdk\tools\bin\..\lib\commons-codec-1.6.jar;C:\Users\SU - NB0158\AppData\Local\Android\Sdk\tools\bin\..\lib\common-26.0.0-dev.jar;C:\Users\SU - NB0158\AppData\Local\Android\Sdk\tools\bin\..\lib\kxml2-2.3.0.jar;C:\Users\SU - NB0158\AppData\Local\Android\Sdk\tools\bin\..\lib\httpmime-4.1.jar;C:\Users\SU - NB0158\AppData\Local\Android\Sdk\tools\bin\..\lib\annotations-12.0.jar;C:\Users\SU - NB0158\AppData\Local\Android\Sdk\tools\bin\..\lib\sdklib-26.0.0-dev.jar;C:\Users\SU - NB0158\AppData\Local\Android\Sdk\tools\bin\..\lib\guava-22.0.jar
Launcher Type: SUN_STANDARD

Environment Variables:
JAVA_HOME=C:\Program Files\Unity\Editor\Data\PlaybackEngines\AndroidPlayer/Tools\OpenJDK\Windows
CLASSPATH=C:\Users\SU - NB0158\AppData\Local\Android\Sdk\tools\bin\..\lib\dvlib-26.0.0-dev.jar;C:\Users\SU - NB0158\AppData\Local\Android\Sdk\tools\bin\..\lib\jimfs-1.1.jar;C:\Users\SU - NB0158\AppData\Local\Android\Sdk\tools\bin\..\lib\jsr305-1.3.9.jar;C:\Users\SU - NB0158\AppData\Local\Android\Sdk\tools\bin\..\lib\repository-26.0.0-dev.jar;C:\Users\SU - NB0158\AppData\Local\Android\Sdk\tools\bin\..\lib\j2objc-annotations-1.1.jar;C:\Users\SU - NB0158\AppData\Local\Android\Sdk\tools\bin\..\lib\layoutlib-api-26.0.0-dev.jar;C:\Users\SU - NB0158\AppData\Local\Android\Sdk\tools\bin\..\lib\gson-2.3.jar;C:\Users\SU - NB0158\AppData\Local\Android\Sdk\tools\bin\..\lib\httpcore-4.2.5.jar;C:\Users\SU - NB0158\AppData\Local\Android\Sdk\tools\bin\..\lib\commons-logging-1.1.1.jar;C:\Users\SU - NB0158\AppData\Local\Android\Sdk\tools\bin\..\lib\commons-compress-1.12.jar;C:\Users\SU - NB0158\AppData\Local\Android\Sdk\tools\bin\..\lib\annotations-26.0.0-dev.jar;C:\Users\SU - NB0158\AppData\Local\Android\Sdk\tools\bin\..\lib\error_prone_annotations-2.0.18.jar;C:\Users\SU - NB0158\AppData\Local\Android\Sdk\tools\bin\..\lib\animal-sniffer-annotations-1.14.jar;C:\Users\SU - NB0158\AppData\Local\Android\Sdk\tools\bin\..\lib\httpclient-4.2.6.jar;C:\Users\SU - NB0158\AppData\Local\Android\Sdk\tools\bin\..\lib\commons-codec-1.6.jar;C:\Users\SU - NB0158\AppData\Local\Android\Sdk\tools\bin\..\lib\common-26.0.0-dev.jar;C:\Users\SU - NB0158\AppData\Local\Android\Sdk\tools\bin\..\lib\kxml2-2.3.0.jar;C:\Users\SU - NB0158\AppData\Local\Android\Sdk\tools\bin\..\lib\httpmime-4.1.jar;C:\Users\SU - NB0158\AppData\Local\Android\Sdk\tools\bin\..\lib\annotations-12.0.jar;C:\Users\SU - NB0158\AppData\Local\Android\Sdk\tools\bin\..\lib\sdklib-26.0.0-dev.jar;C:\Users\SU - NB0158\AppData\Local\Android\Sdk\tools\bin\..\lib\guava-22.0.jar
PATH=C:\Program Files\Common Files\Oracle\Java\javapath;C:\Program Files (x86)\NVIDIA Corporation\PhysX\Common;C:\WINDOWS\system32;C:\WINDOWS;C:\WINDOWS\System32\Wbem;C:\WINDOWS\System32\WindowsPowerShell\v1.0\;C:\WINDOWS\System32\OpenSSH\;C:\Users\SU - NB0158\Documents\gradle-6.2.2\bin;%JAVA_HOME%\bin;C:\Program Files\Git\cmd;C:\Program Files\TortoiseGit\bin;C:\Program Files\Java\jdk-15.0.2\bin;C:\Program Files\Common Files\Oracle\Java\javapath\;C:\Program Files\PuTTY\;C:\xampp\php;C:\ProgramData\ComposerSetup\bin;C:\Program Files\dotnet\;C:\Program Files\Tesseract-OCR;C:\Program Files\gs\gs10.00.0\bin;C:\Program Files\nodejs\;C:\Program Files\Cloudflare\Cloudflare WARP\;C:\Users\SU - NB0158\Downloads\chromedriver-win64\chromedriver-win64\chromedriver.exe;C:\Program Files\Go\bin;C:\Program Files\Azure Data Studio\bin;C:\Program Files (x86)\Microsoft SQL Server\160\Tools\Binn\;C:\Program Files\Microsoft SQL Server\160\Tools\Binn\;C:\Program Files\Microsoft SQL Server\Client SDK\ODBC\170\Tools\Binn\;C:\Program Files\Microsoft SQL Server\160\DTS\Binn\;C:\Users\SU - NB0158\AppData\Local\Microsoft\WindowsApps;C:\Users\SU - NB0158\AppData\Local\Programs\Microsoft VS Code\bin;C:\Users\SU - NB0158\AppData\Roaming\Composer\vendor\bin;C:\Program Files\gs\gs10.00.0\bin;C:\Program Files\gs\gs10.00.0\lib;C:\Users\SU - NB0158\AppData\Roaming\npm;C:\Users\SU - NB0158\go\bin;C:\Program Files\Azure Data Studio\bin
USERNAME=SU - NB0158
OS=Windows_NT
PROCESSOR_IDENTIFIER=Intel64 Family 6 Model 142 Stepping 12, GenuineIntel



---------------  S Y S T E M  ---------------

OS: Windows 10.0 , 64 bit Build 22621 (10.0.22621.3672)

CPU:total 4 (initial active 4) (2 cores per cpu, 2 threads per core) family 6 model 142 stepping 12, cmov, cx8, fxsr, mmx, sse, sse2, sse3, ssse3, sse4.1, sse4.2, popcnt, avx, avx2, aes, clmul, erms, 3dnowpref, lzcnt, ht, tsc, tscinvbit, bmi1, bmi2, adx

Memory: 4k page, physical 8234192k(438776k free), swap 14378192k(4188k free)

vm_info: OpenJDK 64-Bit Server VM (25.71-b00) for windows-amd64 JRE (1.8.0-adoptopenjdk-_2018_05_19_00_59-b00), built on May 19 2018 01:02:12 by "jenkins" with MS VC++ 10.0 (VS2010)

time: Fri Jul 12 20:20:42 2024
elapsed time: 5 seconds (0d 0h 0m 5s)

